
[11:21:14.362] {"Running version":"4.4.2"}

[11:21:14.420] [[Core Manifest]] Loading addon manifest ...
[11:21:14.422] [[User Manifest]] Loading addon manifest ...
[11:21:14.605] Connecting to test-zuj8kbcwyamj@example.com using SFDX CLI ...
[11:21:17.23] Successfully connected to test-zuj8kbcwyamj@example.com.
[11:21:17.508] {"SOURCE":"test-zuj8kbcwyamj@example.com.","TARGET":"csvfile.","Package script":"/Users/jonathan.zhou/Projects/platformdemos/erb/sfdmu/export.json."}

[11:21:17.510] GETTING AND ANALYSING OBJECTS METADATA ...
[11:21:17.510] Processing the sObject Account ...
[11:21:17.511] Getting metadata for Account (SOURCE)
[11:21:17.842] Processing the sObject Product2 ...
[11:21:17.843] Getting metadata for Product2 (SOURCE)
[11:21:18.118] Processing the sObject Purchase_History__c ...
[11:21:18.118] Getting metadata for Purchase_History__c (SOURCE)
[11:21:18.342] Processing the sObject Purchase_History__c ...
[11:21:18.343] Processing the sObject Product2 ...
[11:21:18.343] Processing the sObject Account ...

[11:21:18.345] PREPARING DATA MIGRATION JOB ...
[11:21:18.345] Building migration strategy ...
[11:21:18.347] {"Order of objects to retrieve data":"Account; Product2; Purchase_History__c"}
[11:21:18.347] {"Order of objects to delete data":"Purchase_History__c; Product2; Account"}
[11:21:18.348] {"Order of objects to update data":"Account; Product2; Purchase_History__c"}
[11:21:18.349] Preparing has been finished.

[11:21:18.350] GETTING THE TOTAL AMOUNT OF RECORDS LIMITED BY THE OBJECT'S SOQL QUERY ...
[11:21:18.509] {Account} Total amount of the SOURCE records: 501
[11:21:18.640] {Product2} Total amount of the SOURCE records: 100
[11:21:19.134] {Purchase_History__c} Total amount of the SOURCE records: 10468

[11:21:19.135] PROCESSING ADDON HANDLERS ...
[11:21:19.136] No handlers to process.

[11:21:19.137] Ready to process the data.

[11:21:19.138] DELETING OLD DATA FROM THE TARGET ...
[11:21:19.138] {Purchase_History__c} No records to delete.
[11:21:19.139] {Product2} No records to delete.
[11:21:19.139] {Account} No records to delete.
[11:21:19.139] Deleting data was skipped.

[11:21:19.140] RETRIEVING THE DATA STEP 1 ...
[11:21:19.142] {Account} Retrieving the SOURCE data from Org (STEP 1: all records) ...
[11:21:19.142] {Account} Query string: SELECT Id, External_Id__c, AccountSource, Industry, Rating, Type, AnnualRevenue, Credit_Score__c, Days_Since_Last_Purchase__c, Transactions__c, NumberOfEmployees, Name  FROM  Account.
[11:21:19.458] {Account} Retrieving the SOURCE data has been completed. Fetched 501 new records.
[11:21:19.459] {Product2} Retrieving the SOURCE data from Org (STEP 1: all records) ...
[11:21:19.459] {Product2} Query string: SELECT Id, External_Id__c, Family, Color__c, Material__c, Product_Brand__c, Product_Channels__c, Annual_Production_Volume__c, Average_Margin__c, Batch_Size__c, Suggested_Retail_Price__c, Units_in_Stock__c, IsActive, ProductCode, Name  FROM  Product2.
[11:21:19.824] {Product2} Retrieving the SOURCE data has been completed. Fetched 100 new records.
[11:21:19.825] {Purchase_History__c} Retrieving the SOURCE data from Org (STEP 1: all records) ...
[11:21:19.825] {Purchase_History__c} Query string: SELECT Id, External_Id__c  FROM  Purchase_History__c.
[11:21:22.345] {Purchase_History__c} Retrieving the SOURCE data has been completed. Fetched 10468 new records.
[11:21:22.345] Retrieving the data STEP 1 has been completed.

[11:21:22.346] RETRIEVING THE DATA STEP 2 ...
[11:21:22.347] PASS 1
[11:21:22.347] =============
[11:21:22.348] No records

[11:21:22.348] PASS 2
[11:21:22.349] =============
[11:21:22.349] No records

[11:21:22.350] PASS 3
[11:21:22.351] =============
[11:21:22.351] No records

[11:21:22.352] PASS 4
[11:21:22.352] =============
[11:21:22.353] No records

[11:21:22.353] TARGET
[11:21:22.353] =============
[11:21:22.354] No records
[11:21:22.354] Retrieving the data STEP 2 has been completed.

[11:21:22.354] PROCESSING ADDON HANDLERS ...
[11:21:22.355] No handlers to process.


[11:21:22.356] DATA RETRIEVING SUMMARY
[11:21:22.356] {Account} Total retrieved within all steps (source/target): 501/0 records.
[11:21:22.356] {Product2} Total retrieved within all steps (source/target): 100/0 records.
[11:21:22.356] {Purchase_History__c} Total retrieved within all steps (source/target): 10468/0 records.

[11:21:22.357] UPDATING THE TARGET STEP 1 ...
[11:21:22.358] {Account} Writing to the file /Users/jonathan.zhou/Projects/platformdemos/erb/sfdmu/Account.csv.
[11:21:22.367] {Account} Updating the Target has been completed. Processed 501 records.
[11:21:22.367] {Product2} Writing to the file /Users/jonathan.zhou/Projects/platformdemos/erb/sfdmu/Product2.csv.
[11:21:22.370] {Product2} Updating the Target has been completed. Processed 100 records.
[11:21:22.371] {Purchase_History__c} Writing to the file /Users/jonathan.zhou/Projects/platformdemos/erb/sfdmu/Purchase_History__c.csv.
[11:21:22.397] {Purchase_History__c} Updating the Target has been completed. Processed 10468 records.
[11:21:22.398] Updating the Target (STEP 1) has been completed. Total processed 11069 records.

[11:21:22.400] UPDATING THE TARGET STEP 2 ...
[11:21:22.400] Nothing was updated

[11:21:22.401] PROCESSING ADDON HANDLERS ...
[11:21:22.401] No handlers to process.


[11:21:22.403] DATA PROCESSING SUMMARY
[11:21:22.403] {Account} Total processed within all steps (Insert + Update): 501 records.
[11:21:22.403] {Product2} Total processed within all steps (Insert + Update): 100 records.
[11:21:22.404] {Purchase_History__c} Total processed within all steps (Insert + Update): 10468 records.

[11:21:22.404] Writing to /Users/jonathan.zhou/Projects/platformdemos/erb/sfdmu/MissingParentRecordsReport.csv ...


[11:21:22.406] PROCESSING ADDON HANDLERS ...
[11:21:22.406] No handlers to process.

[11:21:22.407] Command succeeded.
[11:21:22.408] Execution of the command sfdmu:run has been finished. Exit code 0 (SUCCESS).
[11:21:22.409] Total time elapsed: 00h 00m 08s 052ms .